<?xml version="1.0" encoding="UTF-8"?>
<!-- Generated by org.testng.reporters.JUnitReportReporter -->
<testsuite hostname="SubhadeepLaptop" failures="0" tests="3" name="org.automation.testcase.TC04_Registration" time="54.580" errors="0" timestamp="05 Jun 2020 14:58:27 GMT" skipped="0">
  <testcase classname="org.automation.testcase.TC04_Registration" name="registerUser" time="18.115"/>
  <testcase classname="org.automation.testcase.TC04_Registration" name="registerUser" time="19.290"/>
  <testcase classname="org.automation.testcase.TC04_Registration" name="registerUser" time="17.175"/>
</testsuite> <!-- org.automation.testcase.TC04_Registration -->
