<?xml version="1.0" encoding="UTF-8"?>
<!-- Generated by org.testng.reporters.JUnitReportReporter -->
<testsuite hostname="SubhadeepLaptop" failures="0" tests="3" name="org.automation.testcase.TC03_DataProviderClass" time="67.464" errors="0" timestamp="05 Jun 2020 14:39:48 GMT" skipped="0">
  <testcase classname="org.automation.testcase.TC03_DataProviderClass" name="validateLogin" time="21.601"/>
  <testcase classname="org.automation.testcase.TC03_DataProviderClass" name="validateLogin" time="23.725"/>
  <testcase classname="org.automation.testcase.TC03_DataProviderClass" name="validateLogin" time="22.138"/>
</testsuite> <!-- org.automation.testcase.TC03_DataProviderClass -->
