<?xml version="1.0" encoding="UTF-8"?>
<!-- Generated by org.testng.reporters.JUnitReportReporter -->
<testsuite hostname="SubhadeepLaptop" failures="0" tests="3" name="org.automation.testcase.TC02" time="70.867" errors="0" timestamp="05 Jun 2020 14:34:26 GMT" skipped="0">
  <testcase classname="org.automation.testcase.TC02" name="validateLogin" time="23.683"/>
  <testcase classname="org.automation.testcase.TC02" name="validateLogin" time="24.005"/>
  <testcase classname="org.automation.testcase.TC02" name="validateLogin" time="23.179"/>
</testsuite> <!-- org.automation.testcase.TC02 -->
