<?xml version="1.0" encoding="UTF-8"?>
<!-- Generated by org.testng.reporters.JUnitReportReporter -->
<testsuite hostname="SubhadeepLaptop" failures="0" tests="3" name="org.automation.testcase.TC01_StaticDataProvider" time="69.036" errors="0" timestamp="05 Jun 2020 17:13:34 GMT" skipped="0">
  <testcase classname="org.automation.testcase.TC01_StaticDataProvider" name="validateLogin" time="24.049"/>
  <testcase classname="org.automation.testcase.TC01_StaticDataProvider" name="validateLogin" time="23.243"/>
  <testcase classname="org.automation.testcase.TC01_StaticDataProvider" name="validateLogin" time="21.744"/>
</testsuite> <!-- org.automation.testcase.TC01_StaticDataProvider -->
