<?xml version="1.0" encoding="UTF-8"?>
<!-- Generated by org.testng.reporters.JUnitReportReporter -->
<testsuite hostname="SubhadeepLaptop" failures="0" tests="3" name="org.automation.testcase.TC01" time="69.383" errors="0" timestamp="05 Jun 2020 14:20:33 GMT" skipped="0">
  <testcase classname="org.automation.testcase.TC01" name="validateLogin" time="24.807"/>
  <testcase classname="org.automation.testcase.TC01" name="validateLogin" time="23.059"/>
  <testcase classname="org.automation.testcase.TC01" name="validateLogin" time="21.517"/>
</testsuite> <!-- org.automation.testcase.TC01 -->
